2022-08-16 13:47:59,931   INFO  
## The 0 Epoch, All 30 Epochs ! ##
2022-08-16 13:48:05,855   INFO  
 steps: 1   ,train_loss: 38.35487747192383 , train_acc, 0.359375
2022-08-16 13:48:08,573   INFO  
 steps: 1   ,dev_loss 0.4973478615283966 , dev_acc 0.34714673913043476 
2022-08-16 13:48:09,197   INFO  
 steps: 101   ,train_loss: 3.730163097381592 , train_acc, 0.625
2022-08-16 13:48:11,659   INFO  
 steps: 101   ,dev_loss 0.05351518094539642 , dev_acc 0.5679347826086957 
2022-08-16 13:48:12,294   INFO  
## The 1 Epoch, All 30 Epochs ! ##
2022-08-16 13:48:14,394   INFO  
 steps: 157   ,train_loss: 2.808396339416504 , train_acc, 0.640625
2022-08-16 13:48:17,013   INFO  
 steps: 157   ,dev_loss 0.038811586797237396 , dev_acc 0.5227581521739131 
2022-08-16 13:48:17,789   INFO  
 steps: 257   ,train_loss: 2.0734238624572754 , train_acc, 0.703125
2022-08-16 13:48:20,326   INFO  
 steps: 257   ,dev_loss 0.04155036807060242 , dev_acc 0.5720108695652174 
2022-08-16 13:48:20,914   INFO  
## The 2 Epoch, All 30 Epochs ! ##
2022-08-16 13:48:23,134   INFO  
 steps: 313   ,train_loss: 2.515054702758789 , train_acc, 0.59375
2022-08-16 13:48:25,788   INFO  
 steps: 313   ,dev_loss 0.03555335849523544 , dev_acc 0.5241168478260869 
2022-08-16 13:48:26,377   INFO  
 steps: 413   ,train_loss: 2.128917694091797 , train_acc, 0.671875
2022-08-16 13:48:28,870   INFO  
 steps: 413   ,dev_loss 0.044870298355817795 , dev_acc 0.5754076086956522 
2022-08-16 13:48:29,501   INFO  
## The 3 Epoch, All 30 Epochs ! ##
2022-08-16 13:48:31,639   INFO  
 steps: 469   ,train_loss: 2.488340377807617 , train_acc, 0.59375
2022-08-16 13:48:34,201   INFO  
 steps: 469   ,dev_loss 0.03489653393626213 , dev_acc 0.5122282608695652 
2022-08-16 13:48:34,775   INFO  
 steps: 569   ,train_loss: 1.686118245124817 , train_acc, 0.703125
2022-08-16 13:48:37,353   INFO  
 steps: 569   ,dev_loss 0.0370497927069664 , dev_acc 0.5757472826086957 
2022-08-16 13:48:37,957   INFO  
## The 4 Epoch, All 30 Epochs ! ##
2022-08-16 13:48:40,133   INFO  
 steps: 625   ,train_loss: 2.0547423362731934 , train_acc, 0.578125
2022-08-16 13:48:42,854   INFO  
 steps: 625   ,dev_loss 0.031136883422732353 , dev_acc 0.5146059782608695 
2022-08-16 13:48:43,581   INFO  
 steps: 725   ,train_loss: 2.4338934421539307 , train_acc, 0.671875
2022-08-16 13:48:46,147   INFO  
 steps: 725   ,dev_loss 0.040063317865133286 , dev_acc 0.5730298913043478 
2022-08-16 13:48:46,771   INFO  
## The 5 Epoch, All 30 Epochs ! ##
2022-08-16 13:48:48,955   INFO  
 steps: 781   ,train_loss: 2.345402479171753 , train_acc, 0.546875
2022-08-16 13:48:51,579   INFO  
 steps: 781   ,dev_loss 0.0300950538367033 , dev_acc 0.5278532608695652 
2022-08-16 13:48:52,187   INFO  
 steps: 881   ,train_loss: 1.650179386138916 , train_acc, 0.65625
2022-08-16 13:48:54,718   INFO  
 steps: 881   ,dev_loss 0.03511397913098335 , dev_acc 0.5747282608695652 
2022-08-16 13:48:55,336   INFO  
## The 6 Epoch, All 30 Epochs ! ##
2022-08-16 13:48:57,514   INFO  
 steps: 937   ,train_loss: 1.947509765625 , train_acc, 0.609375
2022-08-16 13:49:00,049   INFO  
 steps: 937   ,dev_loss 0.030857572332024574 , dev_acc 0.5183423913043478 
2022-08-16 13:49:00,721   INFO  
 steps: 1037   ,train_loss: 1.6425426006317139 , train_acc, 0.625
2022-08-16 13:49:03,180   INFO  
 steps: 1037   ,dev_loss 0.03127982094883919 , dev_acc 0.5679347826086957 
2022-08-16 13:49:03,772   INFO  
## The 7 Epoch, All 30 Epochs ! ##
2022-08-16 13:49:06,013   INFO  
 steps: 1093   ,train_loss: 1.9281001091003418 , train_acc, 0.578125
2022-08-16 13:49:08,599   INFO  
 steps: 1093   ,dev_loss 0.028809834271669388 , dev_acc 0.5241168478260869 
2022-08-16 13:49:09,197   INFO  
 steps: 1193   ,train_loss: 1.7299243211746216 , train_acc, 0.65625
2022-08-16 13:49:11,676   INFO  
 steps: 1193   ,dev_loss 0.031251903623342514 , dev_acc 0.5713315217391305 
2022-08-16 13:49:12,311   INFO  
## The 8 Epoch, All 30 Epochs ! ##
2022-08-16 13:49:14,515   INFO  
 steps: 1249   ,train_loss: 2.0125272274017334 , train_acc, 0.53125
2022-08-16 13:49:17,051   INFO  
 steps: 1249   ,dev_loss 0.028172502294182777 , dev_acc 0.5251358695652174 
2022-08-16 13:49:17,746   INFO  
 steps: 1349   ,train_loss: 2.0676002502441406 , train_acc, 0.6875
2022-08-16 13:49:20,242   INFO  
 steps: 1349   ,dev_loss 0.03140977770090103 , dev_acc 0.5682744565217391 
2022-08-16 13:49:20,883   INFO  
## The 9 Epoch, All 30 Epochs ! ##
2022-08-16 13:49:23,055   INFO  
 steps: 1405   ,train_loss: 1.8619685173034668 , train_acc, 0.578125
2022-08-16 13:49:25,578   INFO  
 steps: 1405   ,dev_loss 0.026074551045894623 , dev_acc 0.5210597826086957 
2022-08-16 13:49:26,169   INFO  
 steps: 1505   ,train_loss: 1.8618866205215454 , train_acc, 0.671875
2022-08-16 13:49:28,628   INFO  
 steps: 1505   ,dev_loss 0.029652003198862076 , dev_acc 0.5645380434782609 
2022-08-16 13:49:29,265   INFO  
## The 10 Epoch, All 30 Epochs ! ##
2022-08-16 13:49:31,411   INFO  
 steps: 1561   ,train_loss: 1.844655156135559 , train_acc, 0.546875
2022-08-16 13:49:33,982   INFO  
 steps: 1561   ,dev_loss 0.025584068149328232 , dev_acc 0.5275135869565217 
2022-08-16 13:49:34,564   INFO  
 steps: 1661   ,train_loss: 1.8225183486938477 , train_acc, 0.65625
2022-08-16 13:49:37,008   INFO  
 steps: 1661   ,dev_loss 0.028708141297101974 , dev_acc 0.5658967391304348 
2022-08-16 13:49:37,632   INFO  
## The 11 Epoch, All 30 Epochs ! ##
2022-08-16 13:49:39,792   INFO  
 steps: 1717   ,train_loss: 1.472227692604065 , train_acc, 0.53125
2022-08-16 13:49:42,367   INFO  
 steps: 1717   ,dev_loss 0.0221074391156435 , dev_acc 0.5295516304347826 
2022-08-16 13:49:42,967   INFO  
 steps: 1817   ,train_loss: 1.751172423362732 , train_acc, 0.703125
2022-08-16 13:49:45,455   INFO  
 steps: 1817   ,dev_loss 0.027798257768154144 , dev_acc 0.571671195652174 
2022-08-16 13:49:46,134   INFO  
## The 12 Epoch, All 30 Epochs ! ##
2022-08-16 13:49:48,285   INFO  
 steps: 1873   ,train_loss: 1.6698399782180786 , train_acc, 0.53125
2022-08-16 13:49:50,819   INFO  
 steps: 1873   ,dev_loss 0.022649334743618965 , dev_acc 0.5197010869565217 
2022-08-16 13:49:51,505   INFO  
 steps: 1973   ,train_loss: 1.5622748136520386 , train_acc, 0.71875
2022-08-16 13:49:53,975   INFO  
 steps: 1973   ,dev_loss 0.026248566806316376 , dev_acc 0.5703125 
2022-08-16 13:49:54,565   INFO  
## The 13 Epoch, All 30 Epochs ! ##
2022-08-16 13:49:56,734   INFO  
 steps: 2029   ,train_loss: 1.4618042707443237 , train_acc, 0.578125
2022-08-16 13:49:59,352   INFO  
 steps: 2029   ,dev_loss 0.021583696827292442 , dev_acc 0.5329483695652174 
2022-08-16 13:49:59,972   INFO  
 steps: 2129   ,train_loss: 1.6515791416168213 , train_acc, 0.71875
2022-08-16 13:50:02,410   INFO  
 steps: 2129   ,dev_loss 0.02559099905192852 , dev_acc 0.5675951086956522 
2022-08-16 13:50:03,022   INFO  
## The 14 Epoch, All 30 Epochs ! ##
2022-08-16 13:50:05,173   INFO  
 steps: 2185   ,train_loss: 1.4630151987075806 , train_acc, 0.5625
2022-08-16 13:50:07,792   INFO  
 steps: 2185   ,dev_loss 0.02060202695429325 , dev_acc 0.5309103260869565 
2022-08-16 13:50:08,448   INFO  
 steps: 2285   ,train_loss: 1.6224255561828613 , train_acc, 0.65625
2022-08-16 13:50:10,867   INFO  
 steps: 2285   ,dev_loss 0.024867311120033264 , dev_acc 0.5699728260869565 
2022-08-16 13:50:11,510   INFO  
## The 15 Epoch, All 30 Epochs ! ##
2022-08-16 13:50:13,689   INFO  
 steps: 2341   ,train_loss: 1.5324407815933228 , train_acc, 0.5625
2022-08-16 13:50:16,283   INFO  
 steps: 2341   ,dev_loss 0.020533118396997452 , dev_acc 0.529891304347826 
2022-08-16 13:50:16,947   INFO  
 steps: 2441   ,train_loss: 1.5792962312698364 , train_acc, 0.703125
2022-08-16 13:50:19,409   INFO  
 steps: 2441   ,dev_loss 0.023591820150613785 , dev_acc 0.5709918478260869 
2022-08-16 13:50:20,057   INFO  
## The 16 Epoch, All 30 Epochs ! ##
2022-08-16 13:50:22,178   INFO  
 steps: 2497   ,train_loss: 1.459312915802002 , train_acc, 0.515625
2022-08-16 13:50:24,700   INFO  
 steps: 2497   ,dev_loss 0.0199492946267128 , dev_acc 0.5353260869565217 
2022-08-16 13:50:25,336   INFO  
 steps: 2597   ,train_loss: 1.5297127962112427 , train_acc, 0.703125
2022-08-16 13:50:27,769   INFO  
 steps: 2597   ,dev_loss 0.022671092301607132 , dev_acc 0.5703125 
2022-08-16 13:50:28,345   INFO  
## The 17 Epoch, All 30 Epochs ! ##
2022-08-16 13:50:30,498   INFO  
 steps: 2653   ,train_loss: 1.3722296953201294 , train_acc, 0.515625
2022-08-16 13:50:33,146   INFO  
 steps: 2653   ,dev_loss 0.019757438451051712 , dev_acc 0.5387228260869565 
2022-08-16 13:50:33,739   INFO  
 steps: 2753   ,train_loss: 1.4841023683547974 , train_acc, 0.6875
2022-08-16 13:50:36,158   INFO  
 steps: 2753   ,dev_loss 0.02187497168779373 , dev_acc 0.5709918478260869 
2022-08-16 13:50:36,732   INFO  
## The 18 Epoch, All 30 Epochs ! ##
2022-08-16 13:50:38,826   INFO  
 steps: 2809   ,train_loss: 1.3188321590423584 , train_acc, 0.53125
2022-08-16 13:50:41,355   INFO  
 steps: 2809   ,dev_loss 0.01902063377201557 , dev_acc 0.5397418478260869 
2022-08-16 13:50:41,931   INFO  
 steps: 2909   ,train_loss: 1.4603183269500732 , train_acc, 0.671875
2022-08-16 13:50:44,335   INFO  
 steps: 2909   ,dev_loss 0.021052895113825798 , dev_acc 0.571671195652174 
2022-08-16 13:50:44,918   INFO  
## The 19 Epoch, All 30 Epochs ! ##
2022-08-16 13:50:47,033   INFO  
 steps: 2965   ,train_loss: 1.268125295639038 , train_acc, 0.546875
2022-08-16 13:50:49,542   INFO  
 steps: 2965   ,dev_loss 0.018450019881129265 , dev_acc 0.5458559782608695 
2022-08-16 13:50:50,134   INFO  
 steps: 3065   ,train_loss: 1.3880723714828491 , train_acc, 0.671875
2022-08-16 13:50:52,592   INFO  
 steps: 3065   ,dev_loss 0.020288150757551193 , dev_acc 0.5747282608695652 
2022-08-16 13:50:53,212   INFO  
## The 20 Epoch, All 30 Epochs ! ##
2022-08-16 13:50:55,365   INFO  
 steps: 3121   ,train_loss: 1.208827257156372 , train_acc, 0.578125
2022-08-16 13:50:57,887   INFO  
 steps: 3121   ,dev_loss 0.017903326079249382 , dev_acc 0.5458559782608695 
2022-08-16 13:50:58,519   INFO  
 steps: 3221   ,train_loss: 1.3061739206314087 , train_acc, 0.6875
2022-08-16 13:51:00,938   INFO  
 steps: 3221   ,dev_loss 0.019730666652321815 , dev_acc 0.5777853260869565 
2022-08-16 13:51:01,515   INFO  
## The 21 Epoch, All 30 Epochs ! ##
2022-08-16 13:51:03,637   INFO  
 steps: 3277   ,train_loss: 1.172312617301941 , train_acc, 0.59375
2022-08-16 13:51:06,210   INFO  
 steps: 3277   ,dev_loss 0.01762564852833748 , dev_acc 0.5448369565217391 
2022-08-16 13:51:06,912   INFO  
 steps: 3377   ,train_loss: 1.23875093460083 , train_acc, 0.6875
2022-08-16 13:51:09,402   INFO  
 steps: 3377   ,dev_loss 0.019161436706781387 , dev_acc 0.5743885869565217 
2022-08-16 13:51:10,018   INFO  
## The 22 Epoch, All 30 Epochs ! ##
2022-08-16 13:51:12,247   INFO  
 steps: 3433   ,train_loss: 1.1245537996292114 , train_acc, 0.625
2022-08-16 13:51:14,898   INFO  
 steps: 3433   ,dev_loss 0.017182564362883568 , dev_acc 0.5506114130434783 
2022-08-16 13:51:15,551   INFO  
 steps: 3533   ,train_loss: 1.1718432903289795 , train_acc, 0.6875
2022-08-16 13:51:18,057   INFO  
 steps: 3533   ,dev_loss 0.018795430660247803 , dev_acc 0.5706521739130435 
2022-08-16 13:51:18,661   INFO  
## The 23 Epoch, All 30 Epochs ! ##
2022-08-16 13:51:20,828   INFO  
 steps: 3589   ,train_loss: 1.0995229482650757 , train_acc, 0.625
2022-08-16 13:51:23,401   INFO  
 steps: 3589   ,dev_loss 0.01680237054824829 , dev_acc 0.5567255434782609 
2022-08-16 13:51:24,101   INFO  
 steps: 3689   ,train_loss: 1.1037511825561523 , train_acc, 0.640625
2022-08-16 13:51:26,599   INFO  
 steps: 3689   ,dev_loss 0.01825951598584652 , dev_acc 0.5709918478260869 
2022-08-16 13:51:27,230   INFO  
## The 24 Epoch, All 30 Epochs ! ##
2022-08-16 13:51:29,367   INFO  
 steps: 3745   ,train_loss: 1.0799318552017212 , train_acc, 0.609375
2022-08-16 13:51:31,913   INFO  
 steps: 3745   ,dev_loss 0.016508592292666435 , dev_acc 0.5563858695652174 
2022-08-16 13:51:32,506   INFO  
 steps: 3845   ,train_loss: 1.053922414779663 , train_acc, 0.65625
2022-08-16 13:51:34,954   INFO  
 steps: 3845   ,dev_loss 0.017874814569950104 , dev_acc 0.5771059782608695 
2022-08-16 13:51:35,593   INFO  
## The 25 Epoch, All 30 Epochs ! ##
2022-08-16 13:51:37,758   INFO  
 steps: 3901   ,train_loss: 1.0646873712539673 , train_acc, 0.625
2022-08-16 13:51:40,387   INFO  
 steps: 3901   ,dev_loss 0.016320712864398956 , dev_acc 0.5563858695652174 
2022-08-16 13:51:41,056   INFO  
 steps: 4001   ,train_loss: 1.0081243515014648 , train_acc, 0.65625
2022-08-16 13:51:43,540   INFO  
 steps: 4001   ,dev_loss 0.017497094348073006 , dev_acc 0.5828804347826086 
2022-08-16 13:51:44,130   INFO  
## The 26 Epoch, All 30 Epochs ! ##
2022-08-16 13:51:46,322   INFO  
 steps: 4057   ,train_loss: 1.04694402217865 , train_acc, 0.65625
2022-08-16 13:51:48,910   INFO  
 steps: 4057   ,dev_loss 0.016117462888360023 , dev_acc 0.5567255434782609 
2022-08-16 13:51:49,500   INFO  
 steps: 4157   ,train_loss: 0.9613824486732483 , train_acc, 0.65625
2022-08-16 13:51:51,901   INFO  
 steps: 4157   ,dev_loss 0.016965355724096298 , dev_acc 0.5832201086956522 
2022-08-16 13:51:52,499   INFO  
## The 27 Epoch, All 30 Epochs ! ##
2022-08-16 13:51:54,648   INFO  
 steps: 4213   ,train_loss: 1.0343416929244995 , train_acc, 0.671875
2022-08-16 13:51:57,268   INFO  
 steps: 4213   ,dev_loss 0.01614539884030819 , dev_acc 0.556046195652174 
2022-08-16 13:51:57,898   INFO  
 steps: 4313   ,train_loss: 0.9521607756614685 , train_acc, 0.671875
""" ending """2022-08-16 13:56:38,764   INFO  
## The 0 Epoch, All 30 Epochs ! ##
2022-08-16 13:56:44,983   INFO  
 steps: 0   ,train_loss: 30.05280303955078 , train_acc, 0.3984375
2022-08-16 13:56:48,496   INFO  
 steps: 0   ,dev_loss 0.223765030503273 , dev_acc 0.33797554347826086 
2022-08-16 13:56:50,317   INFO  
## The 1 Epoch, All 30 Epochs ! ##
2022-08-16 13:56:52,872   INFO  
 steps: 0   ,train_loss: 18.37934112548828 , train_acc, 0.375
2022-08-16 13:56:55,897   INFO  
 steps: 0   ,dev_loss 0.1339329034090042 , dev_acc 0.38688858695652173 
2022-08-16 13:56:57,747   INFO  
## The 2 Epoch, All 30 Epochs ! ##
2022-08-16 13:57:00,508   INFO  
 steps: 0   ,train_loss: 10.383277893066406 , train_acc, 0.515625
2022-08-16 13:57:03,512   INFO  
 steps: 0   ,dev_loss 0.08442190289497375 , dev_acc 0.45822010869565216 
2022-08-16 13:57:05,443   INFO  
## The 3 Epoch, All 30 Epochs ! ##
2022-08-16 13:57:07,883   INFO  
 steps: 0   ,train_loss: 6.744593143463135 , train_acc, 0.578125
2022-08-16 13:57:10,771   INFO  
 steps: 0   ,dev_loss 0.06366072595119476 , dev_acc 0.5010190217391305 
2022-08-16 13:57:12,637   INFO  
## The 4 Epoch, All 30 Epochs ! ##
2022-08-16 13:57:14,999   INFO  
 steps: 0   ,train_loss: 5.470672607421875 , train_acc, 0.5546875
2022-08-16 13:57:17,832   INFO  
 steps: 0   ,dev_loss 0.04266151040792465 , dev_acc 0.5213994565217391 
2022-08-16 13:57:19,658   INFO  
## The 5 Epoch, All 30 Epochs ! ##
2022-08-16 13:57:22,098   INFO  
 steps: 0   ,train_loss: 3.3945910930633545 , train_acc, 0.6484375
2022-08-16 13:57:24,971   INFO  
 steps: 0   ,dev_loss 0.03646146133542061 , dev_acc 0.5461956521739131 
2022-08-16 13:57:26,772   INFO  
## The 6 Epoch, All 30 Epochs ! ##
2022-08-16 13:57:29,127   INFO  
 steps: 0   ,train_loss: 2.9248619079589844 , train_acc, 0.5625
2022-08-16 13:57:31,807   INFO  
 steps: 0   ,dev_loss 0.0301958117634058 , dev_acc 0.5509510869565217 
2022-08-16 13:57:34,417   INFO  
## The 7 Epoch, All 30 Epochs ! ##
2022-08-16 13:57:36,907   INFO  
 steps: 0   ,train_loss: 2.141822099685669 , train_acc, 0.6015625
2022-08-16 13:57:40,052   INFO  
 steps: 0   ,dev_loss 0.025064725428819656 , dev_acc 0.5645380434782609 
2022-08-16 13:57:41,687   INFO  
## The 8 Epoch, All 30 Epochs ! ##
2022-08-16 13:57:44,597   INFO  
 steps: 0   ,train_loss: 2.460113525390625 , train_acc, 0.6171875
2022-08-16 13:57:47,580   INFO  
 steps: 0   ,dev_loss 0.020932424813508987 , dev_acc 0.5495923913043478 
2022-08-16 13:57:49,138   INFO  
## The 9 Epoch, All 30 Epochs ! ##
2022-08-16 13:57:51,607   INFO  
 steps: 0   ,train_loss: 2.5492594242095947 , train_acc, 0.53125
2022-08-16 13:57:54,579   INFO  
 steps: 0   ,dev_loss 0.017880024388432503 , dev_acc 0.5516304347826086 
2022-08-16 13:57:56,107   INFO  
## The 10 Epoch, All 30 Epochs ! ##
2022-08-16 13:57:58,580   INFO  
 steps: 0   ,train_loss: 1.7016817331314087 , train_acc, 0.6484375
2022-08-16 13:58:01,368   INFO  
 steps: 0   ,dev_loss 0.015182141214609146 , dev_acc 0.5553668478260869 
2022-08-16 13:58:02,925   INFO  
## The 11 Epoch, All 30 Epochs ! ##
2022-08-16 13:58:05,389   INFO  
 steps: 0   ,train_loss: 1.4372758865356445 , train_acc, 0.6796875
2022-08-16 13:58:08,240   INFO  
 steps: 0   ,dev_loss 0.012984273955225945 , dev_acc 0.5747282608695652 
2022-08-16 13:58:09,920   INFO  
## The 12 Epoch, All 30 Epochs ! ##
2022-08-16 13:58:12,454   INFO  
 steps: 0   ,train_loss: 1.9230337142944336 , train_acc, 0.640625
2022-08-16 13:58:15,367   INFO  
 steps: 0   ,dev_loss 0.012720363214612007 , dev_acc 0.5750679347826086 
2022-08-16 13:58:16,942   INFO  
## The 13 Epoch, All 30 Epochs ! ##
2022-08-16 13:58:19,407   INFO  
 steps: 0   ,train_loss: 1.2041659355163574 , train_acc, 0.609375
2022-08-16 13:58:22,178   INFO  
 steps: 0   ,dev_loss 0.011347156018018723 , dev_acc 0.5652173913043478 
2022-08-16 13:58:23,727   INFO  
## The 14 Epoch, All 30 Epochs ! ##
2022-08-16 13:58:26,166   INFO  
 steps: 0   ,train_loss: 1.0337250232696533 , train_acc, 0.640625
2022-08-16 13:58:28,927   INFO  
 steps: 0   ,dev_loss 0.010765968821942806 , dev_acc 0.5679347826086957 
2022-08-16 13:58:30,429   INFO  
## The 15 Epoch, All 30 Epochs ! ##
2022-08-16 13:58:32,830   INFO  
 steps: 0   ,train_loss: 0.9224013090133667 , train_acc, 0.6171875
2022-08-16 13:58:35,528   INFO  
 steps: 0   ,dev_loss 0.009968188591301441 , dev_acc 0.5655570652173914 
2022-08-16 13:58:37,035   INFO  
## The 16 Epoch, All 30 Epochs ! ##
2022-08-16 13:58:39,468   INFO  
 steps: 0   ,train_loss: 0.9841083884239197 , train_acc, 0.6796875
2022-08-16 13:58:42,154   INFO  
 steps: 0   ,dev_loss 0.009301237761974335 , dev_acc 0.5760869565217391 
2022-08-16 13:58:43,655   INFO  
## The 17 Epoch, All 30 Epochs ! ##
2022-08-16 13:58:46,004   INFO  
 steps: 0   ,train_loss: 0.8358393311500549 , train_acc, 0.6171875
2022-08-16 13:58:48,708   INFO  
 steps: 0   ,dev_loss 0.008987701497972012 , dev_acc 0.5597826086956522 
2022-08-16 13:58:50,222   INFO  
## The 18 Epoch, All 30 Epochs ! ##
2022-08-16 13:58:52,658   INFO  
 steps: 0   ,train_loss: 0.9359630346298218 , train_acc, 0.640625
2022-08-16 13:58:55,325   INFO  
 steps: 0   ,dev_loss 0.007913736626505852 , dev_acc 0.5625 
2022-08-16 13:58:56,837   INFO  
## The 19 Epoch, All 30 Epochs ! ##
2022-08-16 13:58:59,223   INFO  
 steps: 0   ,train_loss: 1.147823691368103 , train_acc, 0.609375
2022-08-16 13:59:02,071   INFO  
 steps: 0   ,dev_loss 0.008000416681170464 , dev_acc 0.5584239130434783 
2022-08-16 13:59:03,710   INFO  
## The 20 Epoch, All 30 Epochs ! ##
2022-08-16 13:59:06,164   INFO  
 steps: 0   ,train_loss: 0.6654419302940369 , train_acc, 0.6953125
2022-08-16 13:59:09,170   INFO  
 steps: 0   ,dev_loss 0.007731467019766569 , dev_acc 0.5862771739130435 
2022-08-16 13:59:10,729   INFO  
## The 21 Epoch, All 30 Epochs ! ##
2022-08-16 13:59:13,128   INFO  
 steps: 0   ,train_loss: 0.7295590043067932 , train_acc, 0.75
2022-08-16 13:59:15,720   INFO  
 steps: 0   ,dev_loss 0.007624527905136347 , dev_acc 0.5703125 
2022-08-16 13:59:17,203   INFO  
## The 22 Epoch, All 30 Epochs ! ##
2022-08-16 13:59:19,583   INFO  
 steps: 0   ,train_loss: 0.6737107038497925 , train_acc, 0.671875
2022-08-16 13:59:22,316   INFO  
 steps: 0   ,dev_loss 0.007510174065828323 , dev_acc 0.5665760869565217 
2022-08-16 13:59:23,831   INFO  
## The 23 Epoch, All 30 Epochs ! ##
2022-08-16 13:59:26,158   INFO  
 steps: 0   ,train_loss: 0.8152157664299011 , train_acc, 0.609375
2022-08-16 13:59:28,791   INFO  
 steps: 0   ,dev_loss 0.0071204002015292645 , dev_acc 0.5743885869565217 
2022-08-16 13:59:30,422   INFO  
## The 24 Epoch, All 30 Epochs ! ##
2022-08-16 13:59:32,859   INFO  
 steps: 0   ,train_loss: 0.712638795375824 , train_acc, 0.6484375
2022-08-16 13:59:35,803   INFO  
 steps: 0   ,dev_loss 0.007217696402221918 , dev_acc 0.5730298913043478 
2022-08-16 13:59:37,407   INFO  
## The 25 Epoch, All 30 Epochs ! ##
2022-08-16 13:59:39,802   INFO  
 steps: 0   ,train_loss: 1.0249559879302979 , train_acc, 0.6640625
2022-08-16 13:59:42,528   INFO  
 steps: 0   ,dev_loss 0.007344613317400217 , dev_acc 0.5648777173913043 
2022-08-16 13:59:44,062   INFO  
## The 26 Epoch, All 30 Epochs ! ##
2022-08-16 13:59:46,389   INFO  
 steps: 0   ,train_loss: 0.8443479537963867 , train_acc, 0.6015625
2022-08-16 13:59:49,070   INFO  
 steps: 0   ,dev_loss 0.0077039566822350025 , dev_acc 0.5740489130434783 
2022-08-16 13:59:50,590   INFO  
## The 27 Epoch, All 30 Epochs ! ##
2022-08-16 13:59:52,992   INFO  
 steps: 0   ,train_loss: 0.8704441785812378 , train_acc, 0.6484375
2022-08-16 13:59:55,647   INFO  
 steps: 0   ,dev_loss 0.006719125434756279 , dev_acc 0.5828804347826086 
2022-08-16 13:59:57,202   INFO  
## The 28 Epoch, All 30 Epochs ! ##
2022-08-16 13:59:59,616   INFO  
 steps: 0   ,train_loss: 0.7035691142082214 , train_acc, 0.7421875
2022-08-16 14:00:02,327   INFO  
 steps: 0   ,dev_loss 0.006901903543621302 , dev_acc 0.5760869565217391 
2022-08-16 14:00:03,863   INFO  
## The 29 Epoch, All 30 Epochs ! ##
2022-08-16 14:00:06,271   INFO  
 steps: 0   ,train_loss: 0.8796001076698303 , train_acc, 0.6484375
2022-08-16 14:00:08,938   INFO  
 steps: 0   ,dev_loss 0.006873614154756069 , dev_acc 0.5737092391304348 
